[2023-09-23 16:37:07,201] {manager.py:480} INFO - Processing files using up to 2 processes at a time 
[2023-09-23 16:37:07,203] {manager.py:481} INFO - Process each file at most once every 30 seconds
[2023-09-23 16:37:07,205] {manager.py:482} INFO - Checking for new files in /home/airflow/dags every 300 seconds
[2023-09-23 16:37:07,207] {manager.py:690} INFO - Searching for files in /home/airflow/dags
[2023-09-23 16:37:07,216] {manager.py:693} INFO - There are 0 files in /home/airflow/dags
[2023-09-23 16:42:08,094] {manager.py:690} INFO - Searching for files in /home/airflow/dags
[2023-09-23 16:42:08,183] {manager.py:693} INFO - There are 0 files in /home/airflow/dags
[2023-09-23 16:47:09,044] {manager.py:690} INFO - Searching for files in /home/airflow/dags
[2023-09-23 16:47:09,055] {manager.py:693} INFO - There are 0 files in /home/airflow/dags
[2023-09-23 16:52:09,822] {manager.py:690} INFO - Searching for files in /home/airflow/dags
[2023-09-23 16:52:09,843] {manager.py:693} INFO - There are 0 files in /home/airflow/dags
[2023-09-23 16:57:10,628] {manager.py:690} INFO - Searching for files in /home/airflow/dags
[2023-09-23 16:57:10,655] {manager.py:693} INFO - There are 0 files in /home/airflow/dags
[2023-09-23 17:01:20,879] {manager.py:462} INFO - Exiting gracefully upon receiving signal 15
[2023-09-24 14:31:10,305] {manager.py:480} INFO - Processing files using up to 2 processes at a time 
[2023-09-24 14:31:10,311] {manager.py:481} INFO - Process each file at most once every 30 seconds
[2023-09-24 14:31:10,313] {manager.py:482} INFO - Checking for new files in /home/airflow/dags every 300 seconds
[2023-09-24 14:31:10,315] {manager.py:690} INFO - Searching for files in /home/airflow/dags
[2023-09-24 14:31:10,325] {manager.py:693} INFO - There are 0 files in /home/airflow/dags
[2023-09-24 14:36:11,211] {manager.py:690} INFO - Searching for files in /home/airflow/dags
[2023-09-24 14:36:11,269] {manager.py:693} INFO - There are 0 files in /home/airflow/dags
[2023-09-24 14:41:12,151] {manager.py:690} INFO - Searching for files in /home/airflow/dags
[2023-09-24 14:41:12,161] {manager.py:693} INFO - There are 0 files in /home/airflow/dags
[2023-09-24 14:46:12,932] {manager.py:690} INFO - Searching for files in /home/airflow/dags
[2023-09-24 14:46:12,972] {manager.py:693} INFO - There are 0 files in /home/airflow/dags
[2023-09-24 14:51:13,776] {manager.py:690} INFO - Searching for files in /home/airflow/dags
[2023-09-24 14:51:13,815] {manager.py:693} INFO - There are 0 files in /home/airflow/dags
[2023-09-24 14:56:14,499] {manager.py:690} INFO - Searching for files in /home/airflow/dags
[2023-09-24 14:56:14,549] {manager.py:693} INFO - There are 0 files in /home/airflow/dags
[2023-09-24 15:01:15,503] {manager.py:690} INFO - Searching for files in /home/airflow/dags
[2023-09-24 15:01:15,523] {manager.py:693} INFO - There are 0 files in /home/airflow/dags
[2023-09-24 15:06:16,368] {manager.py:690} INFO - Searching for files in /home/airflow/dags
[2023-09-24 15:06:16,403] {manager.py:693} INFO - There are 0 files in /home/airflow/dags
[2023-09-24 15:11:17,213] {manager.py:690} INFO - Searching for files in /home/airflow/dags
[2023-09-24 15:11:17,255] {manager.py:693} INFO - There are 0 files in /home/airflow/dags
[2023-09-24 15:16:18,069] {manager.py:690} INFO - Searching for files in /home/airflow/dags
[2023-09-24 15:16:18,102] {manager.py:693} INFO - There are 0 files in /home/airflow/dags
[2023-09-24 15:21:18,899] {manager.py:690} INFO - Searching for files in /home/airflow/dags
[2023-09-24 15:21:18,936] {manager.py:693} INFO - There are 0 files in /home/airflow/dags
[2023-09-24 15:26:19,680] {manager.py:690} INFO - Searching for files in /home/airflow/dags
[2023-09-24 15:26:19,709] {manager.py:693} INFO - There are 0 files in /home/airflow/dags
[2023-09-24 15:30:05,439] {manager.py:462} INFO - Exiting gracefully upon receiving signal 15
[2023-09-24 15:32:27,328] {manager.py:480} INFO - Processing files using up to 2 processes at a time 
[2023-09-24 15:32:27,330] {manager.py:481} INFO - Process each file at most once every 30 seconds
[2023-09-24 15:32:27,332] {manager.py:482} INFO - Checking for new files in /home/airflow/dags every 300 seconds
[2023-09-24 15:32:27,335] {manager.py:690} INFO - Searching for files in /home/airflow/dags
[2023-09-24 15:32:27,343] {manager.py:693} INFO - There are 0 files in /home/airflow/dags
[2023-09-24 15:37:28,165] {manager.py:690} INFO - Searching for files in /home/airflow/dags
[2023-09-24 15:37:28,186] {manager.py:693} INFO - There are 0 files in /home/airflow/dags
[2023-09-24 15:42:28,975] {manager.py:690} INFO - Searching for files in /home/airflow/dags
[2023-09-24 15:42:28,995] {manager.py:693} INFO - There are 0 files in /home/airflow/dags
[2023-09-24 15:47:29,790] {manager.py:690} INFO - Searching for files in /home/airflow/dags
[2023-09-24 15:47:29,808] {manager.py:693} INFO - There are 0 files in /home/airflow/dags
[2023-09-24 15:52:30,615] {manager.py:690} INFO - Searching for files in /home/airflow/dags
[2023-09-24 15:52:30,640] {manager.py:693} INFO - There are 0 files in /home/airflow/dags
[2023-09-24 15:56:07,017] {manager.py:462} INFO - Exiting gracefully upon receiving signal 15
[2023-09-24 15:57:28,206] {manager.py:480} INFO - Processing files using up to 2 processes at a time 
[2023-09-24 15:57:28,213] {manager.py:481} INFO - Process each file at most once every 30 seconds
[2023-09-24 15:57:28,220] {manager.py:482} INFO - Checking for new files in /home/airflow/dags every 300 seconds
[2023-09-24 15:57:28,225] {manager.py:690} INFO - Searching for files in /home/airflow/dags
[2023-09-24 15:57:28,245] {manager.py:693} INFO - There are 0 files in /home/airflow/dags
[2023-09-24 16:02:28,804] {manager.py:690} INFO - Searching for files in /home/airflow/dags
[2023-09-24 16:02:28,888] {manager.py:693} INFO - There are 0 files in /home/airflow/dags
[2023-09-24 16:07:29,767] {manager.py:690} INFO - Searching for files in /home/airflow/dags
[2023-09-24 16:07:29,796] {manager.py:693} INFO - There are 0 files in /home/airflow/dags
[2023-09-24 16:11:43,055] {manager.py:462} INFO - Exiting gracefully upon receiving signal 15
